<?xml version="1.0" encoding="UTF-8"?>
<testsuite xmlns:xsi="http://www.w3.org/2001/XMLSchema-instance" xsi:noNamespaceSchemaLocation="https://maven.apache.org/surefire/maven-surefire-plugin/xsd/surefire-test-report.xsd" name="ru.netology.manager.mockito.manager.AfishaTest" time="0.086" tests="2" errors="0" skipped="0" failures="0">
  <properties>
[...]
</properties>
  <testcase name="shouldFindLast" classname="ru.netology.manager.mockito.manager.AfishaTest" time="0.051"/>
  <testcase name="addedMovies" classname="ru.netology.manager.mockito.manager.AfishaTest" time="0"/>
</testsuite>